make all --print-data-base --no-builtin-variables --no-builtin-rules --question
# GNU Make 4.3
# Built for x86_64-pc-linux-gnu
# Copyright (C) 1988-2020 Free Software Foundation, Inc.
# License GPLv3+: GNU GPL version 3 or later <http://gnu.org/licenses/gpl.html>
# This is free software: you are free to change and redistribute it.
# There is NO WARRANTY, to the extent permitted by law.

# Make data base, printed on Sun Jun 26 22:43:54 2022

# Variables

# environment
GDK_BACKEND = x11
# environment
LC_ALL = C
# environment
GNOME_SHELL_SESSION_MODE = ubuntu
# environment
SSH_AGENT_LAUNCHER = gnome-keyring
# environment
SNAP_INSTANCE_KEY = 
# environment
VSCODE_IPC_HOOK_EXTHOST = /run/user/1000/vscode-ipc-977b96a3-9fbe-428f-bd15-7cee2dbbd7dc.sock
# environment
VSCODE_CWD = /home/j
# makefile (from 'Makefile', line 4)
LIBS = -lboost_unit_test_framework
# default
MAKE_COMMAND := make
# environment
QT_ACCESSIBILITY = 1
# automatic
@D = $(patsubst %/,%,$(dir $@))
# environment
SNAP_INSTANCE_NAME = code
# environment
GDK_PIXBUF_MODULEDIR = /snap/code/99/usr/lib/x86_64-linux-gnu/gdk-pixbuf-2.0/2.10.0/loaders
# environment
VSCODE_HANDLES_UNCAUGHT_ERRORS = true
# default
.VARIABLES := 
# environment
PWD = /home/j/Desktop/latex (copy)/ps4a
# automatic
%D = $(patsubst %/,%,$(dir $%))
# environment
XDG_DATA_DIRS = /usr/share/ubuntu:/usr/local/share/:/usr/share/:/var/lib/snapd/desktop
# automatic
^D = $(patsubst %/,%,$(dir $^))
# environment
VSCODE_LOG_STACK = false
# automatic
%F = $(notdir $%)
# environment
VSCODE_CODE_CACHE_PATH = /home/j/.config/Code/CachedData/30d9c6cd9483b2cc586687151bcbcd635f373630
# environment
LANG = C
# environment
XAUTHORITY = /run/user/1000/.mutter-Xwaylandauth.YNX7N1
# default
.LOADED := 
# default
.INCLUDE_DIRS = /usr/local/include /usr/include /usr/include
# makefile
MAKEFLAGS = pqrR
# environment
DBUS_STARTER_ADDRESS = unix:path=/run/user/1000/bus,guid=9e7a3e18c871594b716ccb1962b875e0
# makefile
CURDIR := /home/j/Desktop/latex (copy)/ps4a
# environment
VSCODE_PIPE_LOGGING = true
# environment
APPLICATION_INSIGHTS_NO_DIAGNOSTIC_CHANNEL = true
# environment
LESSOPEN = | /usr/bin/lesspipe %s
# automatic
*D = $(patsubst %/,%,$(dir $*))
# environment
MFLAGS = -pqrR
# environment
SSH_AUTH_SOCK = /run/user/1000/keyring/ssh
# default
.SHELLFLAGS := -c
# environment
WAYLAND_DISPLAY = wayland-0
# environment
XDG_CONFIG_DIRS = /etc/xdg/xdg-ubuntu:/etc/xdg
# automatic
+D = $(patsubst %/,%,$(dir $+))
# environment
XDG_SESSION_DESKTOP = ubuntu
# makefile (from 'Makefile', line 1)
MAKEFILE_LIST := Makefile
# environment
SNAP_REEXEC = 
# automatic
@F = $(notdir $@)
# environment
VSCODE_VERBOSE_LOGGING = true
# environment
VSCODE_PID = 22731
# environment
XDG_SESSION_TYPE = wayland
# automatic
?D = $(patsubst %/,%,$(dir $?))
# environment
BAMF_DESKTOP_FILE_HINT = /var/lib/snapd/desktop/applications/code_code.desktop
# environment
SESSION_MANAGER = local/j-VirtualBox:@/tmp/.ICE-unix/952,unix/j-VirtualBox:/tmp/.ICE-unix/952
# automatic
*F = $(notdir $*)
# environment
CHROME_DESKTOP = code-url-handler.desktop
# environment
DBUS_SESSION_BUS_ADDRESS = unix:path=/run/user/1000/bus,guid=9e7a3e18c871594b716ccb1962b875e0
# automatic
<D = $(patsubst %/,%,$(dir $<))
# environment
VSCODE_NLS_CONFIG = {"locale":"en-us","availableLanguages":{},"_languagePackSupport":true}
# default
MAKE_HOST := x86_64-pc-linux-gnu
# environment
GNOME_DESKTOP_SESSION_ID = this-is-deprecated
# makefile
SHELL = /bin/sh
# default
MAKECMDGOALS := all
# environment
XMODIFIERS = @im=ibus
# environment
SHLVL = 0
# environment
MAKELEVEL := 0
# environment
IM_CONFIG_CHECK_ENV = 1
# default
MAKE = $(MAKE_COMMAND)
# environment
SNAP_COOKIE = oQV1eSzy6ppRcXSSNILesWJxBxNOD5Mts4TTMPszhRRlmsCLM4Re
# environment
PATH = /home/j/.local/bin:/home/j/.local/bin:/usr/local/sbin:/usr/local/bin:/usr/sbin:/usr/bin:/sbin:/bin:/usr/games:/usr/local/games:/snap/bin:/snap/bin
# default
MAKEFILES := 
# automatic
^F = $(notdir $^)
# environment
SNAP_USER_COMMON = /home/j/snap/code/common
# environment
SNAP = /snap/code/99
# environment
INVOCATION_ID = dab22915897644eab259c188397a7d62
# environment
SNAP_REVISION = 99
# environment
SNAP_REAL_HOME = /home/j
# environment
VSCODE_LOG_NATIVE = false
# environment
USERNAME = j
# environment
GNOME_SETUP_DISPLAY = :1
# environment
LESSCLOSE = /usr/bin/lesspipe %s %s
# automatic
?F = $(notdir $?)
# environment
XDG_CURRENT_DESKTOP = Unity
# environment
LS_COLORS = 
# automatic
+F = $(notdir $+)
# environment
DESKTOP_SESSION = ubuntu
# environment
ORIGINAL_XDG_CURRENT_DESKTOP = ubuntu:GNOME
# 'override' directive
GNUMAKEFLAGS := 
# environment
LOGNAME = j
# environment
GIO_LAUNCHED_DESKTOP_FILE = /var/lib/snapd/desktop/applications/code_code.desktop
# environment
SNAP_ARCH = amd64
# makefile
.DEFAULT_GOAL := all
# environment
SYSTEMD_EXEC_PID = 952
# environment
DISPLAY = :0
# environment
USER = j
# environment
GTK_MODULES = gail:atk-bridge
# default
MAKE_VERSION := 4.3
# environment
DISABLE_WAYLAND = 1
# environment
SNAP_DATA = /var/snap/code/99
# environment
SNAP_CONTEXT = oQV1eSzy6ppRcXSSNILesWJxBxNOD5Mts4TTMPszhRRlmsCLM4Re
# environment
MANAGERPID = 766
# environment
DBUS_STARTER_BUS_TYPE = session
# environment
GIO_LAUNCHED_DESKTOP_FILE_PID = 22685
# environment
_ = /snap/code/99/usr/share/code/code
# environment
XDG_RUNTIME_DIR = /run/user/1000
# makefile (from 'Makefile', line 2)
CFLAGS = --std=c++14 -Wall -Werror -pedantic
# environment
GDK_PIXBUF_MODULE_FILE = /home/j/snap/code/common/.cache/gdk-pixbuf-loaders.cache
# environment
JOURNAL_STREAM = 8:20441
# environment
XDG_SESSION_CLASS = user
# environment
VSCODE_AMD_ENTRYPOINT = vs/workbench/api/node/extensionHostProcess
# environment
HOME = /home/j
# environment
QT_IM_MODULE = ibus
# environment
ELECTRON_RUN_AS_NODE = 1
# environment
VSCODE_IPC_HOOK = /run/user/1000/vscode-d21a3b6f-1.68.1-main.sock
# environment
SNAP_NAME = code
# environment
GSETTINGS_SCHEMA_DIR = /snap/code/99/usr/share/glib-2.0/schemas
# environment
IM_CONFIG_PHASE = 1
# default
.RECIPEPREFIX := 
# automatic
<F = $(notdir $<)
# makefile (from 'Makefile', line 3)
DEPS = CircularBuffer.hpp
# environment
SNAP_VERSION = 30d9c6cd
# default
SUFFIXES := 
# environment
VSCODE_CLI = 1
# environment
ELECTRON_NO_ATTACH_CONSOLE = 1
# environment
SNAP_COMMON = /var/snap/code/common
# default
.FEATURES := target-specific order-only second-expansion else-if shortest-stem undefine oneshell nocomment grouped-target extra-prereqs archives jobserver output-sync check-symlink load
# makefile (from 'Makefile', line 1)
CC = g++
# environment
SNAP_USER_DATA = /home/j/snap/code/99
# environment
XDG_MENU_PREFIX = gnome-
# environment
GDMSESSION = ubuntu
# environment
SNAP_LIBRARY_PATH = /var/lib/snapd/lib/gl:/var/lib/snapd/lib/gl32:/var/lib/snapd/void
# variable set hash-table stats:
# Load=126/1024=12%, Rehash=0, Collisions=5/162=3%

# Pattern-specific Variable Values

# No pattern-specific variable values.

# Directories

# . (device 2051, inode 6564884): 7 files, no impossibilities.

# 7 files, no impossibilities in 1 directories.

# Implicit Rules

# No implicit rules.

 
# Files

lint:
#  Implicit rule search has not been done.
#  Modification time never checked.
#  File has not been updated.
#  recipe to execute (from 'Makefile', line 15):
	cpplint --filter=-runtime/references,-build/c++11,-build/include_subdir,--root=. *.cpp *.hpp
	

# Not a target:
CircularBuffer.hpp:
#  Implicit rule search has been done.
#  Last modified 2022-06-11 17:05:14.46503
#  File has been updated.
#  Successfully updated.

# Not a target:
Makefile:
#  Implicit rule search has been done.
#  Last modified 2022-06-09 14:27:38.489635
#  File has been updated.
#  Successfully updated.

clean:
#  Implicit rule search has not been done.
#  Modification time never checked.
#  File has not been updated.
#  recipe to execute (from 'Makefile', line 18):
	rm *.o test

# Not a target:
.DEFAULT:
#  Implicit rule search has not been done.
#  Modification time never checked.
#  File has not been updated.

all: test lint
#  Command line target.
#  Implicit rule search has been done.
#  File does not exist.
#  File has been updated.
#  Needs to be updated (-q is set).
# variable set hash-table stats:
# Load=0/32=0%, Rehash=0, Collisions=0/5=0%

test: test.o
#  Implicit rule search has not been done.
#  File does not exist.
#  File has been updated.
#  Needs to be updated (-q is set).
# variable set hash-table stats:
# Load=0/32=0%, Rehash=0, Collisions=0/5=0%
#  recipe to execute (from 'Makefile', line 12):
	$(CC) $(CFLAGS) -o $@ $< $(LIBS)

test.o: test.cpp CircularBuffer.hpp
#  Implicit rule search has not been done.
#  Implicit/static pattern stem: ''
#  File does not exist.
#  File has been updated.
#  Needs to be updated (-q is set).
# automatic
# @ := test.o
# automatic
# * := 
# automatic
# < := test.cpp
# automatic
# + := test.cpp CircularBuffer.hpp
# automatic
# % := 
# automatic
# ^ := test.cpp CircularBuffer.hpp
# automatic
# ? := test.cpp CircularBuffer.hpp
# automatic
# | := 
# variable set hash-table stats:
# Load=8/32=25%, Rehash=0, Collisions=2/15=13%
#  recipe to execute (from 'Makefile', line 9):
	$(CC) $(CFLAGS) -o $@ -c $<
	

# Not a target:
.SUFFIXES:
#  Implicit rule search has not been done.
#  Modification time never checked.
#  File has not been updated.

# Not a target:
test.cpp:
#  Implicit rule search has been done.
#  Last modified 2022-06-09 16:12:42.9872
#  File has been updated.
#  Successfully updated.

# files hash-table stats:
# Load=10/1024=1%, Rehash=0, Collisions=0/29=0%
# VPATH Search Paths

# No 'vpath' search paths.

# No general ('VPATH' variable) search path.

# strcache buffers: 1 (0) / strings = 16 / storage = 143 B / avg = 8 B
# current buf: size = 8162 B / used = 143 B / count = 16 / avg = 8 B

# strcache performance: lookups = 32 / hit rate = 50%
# hash-table stats:
# Load=16/8192=0%, Rehash=0, Collisions=0/32=0%
# Finished Make data base on Sun Jun 26 22:43:54 2022

 
